[INFO  - 2017-08-20T14:37:18.550Z] GhostDriver - Main - running on port 55161
[INFO  - 2017-08-20T14:37:21.030Z] Session [12dd5780-85b5-11e7-886f-ffe1485186d4] - page.settings - {"XSSAuditingEnabled":false,"javascriptCanCloseWindows":true,"javascriptCanOpenWindows":true,"javascriptEnabled":true,"loadImages":true,"localToRemoteUrlAccessEnabled":false,"userAgent":"Mozilla/5.0 (Windows NT 6.2; WOW64) AppleWebKit/538.1 (KHTML, like Gecko) PhantomJS/2.1.1 Safari/538.1","webSecurityEnabled":true}
[INFO  - 2017-08-20T14:37:21.030Z] Session [12dd5780-85b5-11e7-886f-ffe1485186d4] - page.customHeaders:  - {}
[INFO  - 2017-08-20T14:37:21.030Z] Session [12dd5780-85b5-11e7-886f-ffe1485186d4] - Session.negotiatedCapabilities - {"browserName":"phantomjs","version":"2.1.1","driverName":"ghostdriver","driverVersion":"1.2.0","platform":"windows-10-32bit","javascriptEnabled":true,"takesScreenshot":true,"handlesAlerts":false,"databaseEnabled":false,"locationContextEnabled":false,"applicationCacheEnabled":false,"browserConnectionEnabled":false,"cssSelectorsEnabled":true,"webStorageEnabled":false,"rotatable":false,"acceptSslCerts":false,"nativeEvents":true,"proxy":{"proxyType":"direct"}}
[INFO  - 2017-08-20T14:37:21.030Z] SessionManagerReqHand - _postNewSessionCommand - New Session Created: 12dd5780-85b5-11e7-886f-ffe1485186d4
[ERROR - 2017-08-20T14:37:27.792Z] Session [12dd5780-85b5-11e7-886f-ffe1485186d4] - page.onError - msg: TypeError: undefined is not an object (evaluating 'e.toString')

  phantomjs://platform/console++.js:263 in error
[ERROR - 2017-08-20T14:37:27.793Z] Session [12dd5780-85b5-11e7-886f-ffe1485186d4] - page.onError - stack:
  value (https://assets.gfycat.com/web/52637236/amp-sharepage.min.js:1)
  value (https://assets.gfycat.com/web/52637236/amp-sharepage.min.js:1)
  e (https://assets.gfycat.com/web/52637236/amp-sharepage.min.js:1)
  o (https://assets.gfycat.com/web/52637236/amp-sharepage.min.js:1)
  (anonymous function) (https://assets.gfycat.com/web/52637236/amp-sharepage.min.js:1)

  phantomjs://platform/console++.js:263 in error
[ERROR - 2017-08-20T14:37:28.701Z] Session [12dd5780-85b5-11e7-886f-ffe1485186d4] - page.onError - msg: null is not an object (evaluating 'b.b.length')

  phantomjs://platform/console++.js:263 in error
[ERROR - 2017-08-20T14:37:28.701Z] Session [12dd5780-85b5-11e7-886f-ffe1485186d4] - page.onError - stack:
  Vd (https://cdn.ampproject.org/v0.js:69)

  phantomjs://platform/console++.js:263 in error
[INFO  - 2017-08-20T14:42:18.548Z] SessionManagerReqHand - _cleanupWindowlessSessions - Asynchronous Sessions clean-up phase starting NOW
